<?xml version="1.0" encoding="UTF-8"?>
<!-- Generated by org.testng.reporters.JUnitReportReporter -->
<testsuite hostname="DESKTOP-0PB3AL3" failures="0" tests="2" name="tests.loginTest" time="30.379" errors="0" timestamp="2023-03-21T13:26:58 IST" skipped="0">
  <testcase classname="tests.loginTest" name="login" time="16.317"/>
  <system-out/>
  <testcase classname="tests.loginTest" name="login" time="14.062"/>
  <system-out/>
</testsuite> <!-- tests.loginTest -->
