<?xml version="1.0" encoding="UTF-8"?>
<!-- Generated by org.testng.reporters.JUnitReportReporter -->
<testsuite hostname="DESKTOP-0PB3AL3" failures="0" tests="1" name="tests.TwoTest" time="0.007" errors="0" timestamp="2023-03-21T13:26:58 IST" skipped="0">
  <testcase classname="tests.TwoTest" name="testTwo" time="0.007"/>
  <system-out/>
</testsuite> <!-- tests.TwoTest -->
